                         4 .list
                         5 		***************************************************************
                         6 		**ÂêÑÁ®Æ„É¨„Ç∏„Çπ„ÇøÂÆöÁæ©
                         7 		***************************************************************
                         8 
                         9 		***************
                        10 		** „É¨„Ç∏„Çπ„ÇøÁæ§„ÅÆÂÖàÈ†≠
                        11 		***************
                        12 		.equ REGBASE,   0xFFF000          | DMAP„Çí‰ΩøÁî®Ôºé
                        13 		.equ IOBASE,    0x00d00000
                        14 
                        15 		***************
                        16 		** Ââ≤„ÇäËæº„ÅøÈñ¢‰øÇ„ÅÆ„É¨„Ç∏„Çπ„Çø
                        17 		***************
                        18 		.equ IVR,       REGBASE+0x300     |Ââ≤„ÇäËæº„Åø„Éô„ÇØ„Çø„É¨„Ç∏„Çπ„Çø
                        19 		.equ IMR,       REGBASE+0x304     |Ââ≤„ÇäËæº„Åø„Éû„Çπ„ÇØ„É¨„Ç∏„Çπ„Çø
                        20 		.equ ISR,       REGBASE+0x30c     |Ââ≤„ÇäËæº„Åø„Çπ„ÉÜ„Éº„Çø„Çπ„É¨„Ç∏„Çπ„Çø
                        21 		.equ IPR,       REGBASE+0x310     |Ââ≤„ÇäËæº„Åø„Éö„É≥„Éá„Ç£„É≥„Ç∞„É¨„Ç∏„Çπ„Çø
                        22 
                        23 		***************
                        24 		** „Çø„Ç§„ÉûÈñ¢‰øÇ„ÅÆ„É¨„Ç∏„Çπ„Çø
                        25 		***************
                        26 		.equ TCTL1,     REGBASE+0x600     |„Çø„Ç§„ÉûÔºë„Ç≥„É≥„Éà„É≠„Éº„É´„É¨„Ç∏„Çπ„Çø
                        27 		.equ TPRER1,    REGBASE+0x602     |„Çø„Ç§„ÉûÔºë„Éó„É™„Çπ„Ç±„Éº„É©„É¨„Ç∏„Çπ„Çø
                        28 		.equ TCMP1,     REGBASE+0x604     |„Çø„Ç§„ÉûÔºë„Ç≥„É≥„Éö„Ç¢„É¨„Ç∏„Çπ„Çø
                        29 		.equ TCN1,      REGBASE+0x608     |„Çø„Ç§„ÉûÔºë„Ç´„Ç¶„É≥„Çø„É¨„Ç∏„Çπ„Çø
                        30 		.equ TSTAT1,    REGBASE+0x60a     |„Çø„Ç§„ÉûÔºë„Çπ„ÉÜ„Éº„Çø„Çπ„É¨„Ç∏„Çπ„Çø
                        31 
                        32 		***************
                        33 		** UART1ÔºàÈÄÅÂèó‰ø°ÔºâÈñ¢‰øÇ„ÅÆ„É¨„Ç∏„Çπ„Çø
                        34 		***************
                        35 		.equ USTCNT1,   REGBASE+0x900     | UART1„Çπ„ÉÜ„Éº„Çø„Çπ/„Ç≥„É≥„Éà„É≠„Éº„É´„É¨„Ç∏„Çπ„Çø
                        36 		.equ UBAUD1,    REGBASE+0x902     | UART1„Éú„Éº„Ç≥„É≥„Éà„É≠„Éº„É´„É¨„Ç∏„Çπ„Çø
                        37 		.equ URX1,      REGBASE+0x904     | UART1Âèó‰ø°„É¨„Ç∏„Çπ„Çø
                        38 		.equ UTX1,      REGBASE+0x906     | UART1ÈÄÅ‰ø°„É¨„Ç∏„Çπ„Çø
                        39 
                        40 		***************
                        41 		** LED
                        42 		***************
                        43 		.equ LED7,      IOBASE+0x000002f  |„Éú„Éº„ÉâÊê≠Ëºâ„ÅÆLEDÁî®„É¨„Ç∏„Çπ„Çø
                        44 		.equ LED6,      IOBASE+0x000002d  |‰ΩøÁî®Ê≥ï„Å´„Å§„ÅÑ„Å¶„ÅØ‰ªòÈå≤A.4.3.1
                        45 		.equ LED5,      IOBASE+0x000002b
                        46 		.equ LED4,      IOBASE+0x0000029
                        47 		.equ LED3,      IOBASE+0x000003f
                        48 		.equ LED2,      IOBASE+0x000003d
                        49 		.equ LED1,      IOBASE+0x000003b
                        50 		.equ LED0,      IOBASE+0x0000039
                        51 
                        52 		***************************************************************
                        53 		** „Çπ„Çø„ÉÉ„ÇØÈ†òÂüü„ÅÆÁ¢∫‰øù
                        54 		***************************************************************
                        55 		.section .bss
                        56 		.even
                        57 SYS_STK:
0009d8 0000 0000        58 		.ds.b   0x4000  |„Ç∑„Çπ„ÉÜ„É†„Çπ„Çø„ÉÉ„ÇØÈ†òÂüü
       0000 0000        58 
       0000 0000        58 
       0000 0000        58 
       0000 0000        58 
                        59 		.even
                        60 SYS_STK_TOP:            |„Ç∑„Çπ„ÉÜ„É†„Çπ„Çø„ÉÉ„ÇØÈ†òÂüü„ÅÆÊúÄÂæåÂ∞æ
                        61 
                        62 		***************************************************************
                        63 		** ÂàùÊúüÂåñ
                        64 		** ÂÜÖÈÉ®„Éá„Éê„Ç§„Çπ„É¨„Ç∏„Çπ„Çø„Å´„ÅØÁâπÂÆö„ÅÆÂÄ§„ÅåË®≠ÂÆö„Åï„Çå„Å¶„ÅÑ„ÇãÔºé
                        65 		** „Åù„ÅÆÁêÜÁî±„ÇíÁü•„Çã„Å´„ÅØÔºå‰ªòÈå≤B„Å´„ÅÇ„ÇãÂêÑ„É¨„Ç∏„Çπ„Çø„ÅÆ‰ªïÊßò„ÇíÂèÇÁÖß„Åô„Çã„Åì„Å®Ôºé
                        66 		***************************************************************
                        67 
                        68 
                        69 .section .data
                        70 .even
00059c 3031 3233        71 	TDATA1: .ascii "0123456789ABCDEF"
       3435 3637        71 
       3839 4142        71 
       4344 4546        71 
0005ac 6B6C 6D6E        72 	TDATA2: .ascii "klmnopqrstuvwxyz"
       6F70 7172        72 
       7374 7576        72 
       7778 797A        72 
                        73 .even
                        74 
                        75 		
                        76 
                        77 .section .text
                        78 		.even
                        79 boot:
                        80 		* „Çπ„Éº„Éë„Éº„Éê„Ç§„Ç∂&ÂêÑÁ®ÆË®≠ÂÆö„ÇíË°å„Å£„Å¶„ÅÑ„ÇãÊúÄ‰∏≠„ÅÆÂâ≤ËæºÁ¶ÅÊ≠¢
000400 46FC 2700        81 		move.w #0x2700,%SR
000404 4FF9 0000        82 		lea.l  SYS_STK_TOP, %SP | Set SSP
       0000             82 
                        83 
                        84 		****************
                        85 		**Ââ≤„ÇäËæº„Åø„Ç≥„É≥„Éà„É≠„Éº„É©„ÅÆÂàùÊúüÂåñ
                        86 		****************
00040a 13FC 0040        87 		move.b #0x40, IVR       |„É¶„Éº„Ç∂Ââ≤„ÇäËæº„Åø„Éô„ÇØ„ÇøÁï™Âè∑„Çí| 0x40+level„Å´Ë®≠ÂÆöÔºé
       00FF F300        87 
000412 23FC 00FF        88 		move.l #0x00ffffff,IMR  |ÂÖ®Ââ≤„ÇäËæº„Åø„Éû„Çπ„ÇØ /* STEP2.3 */
       FFFF 00FF        88 
       F304             88 
                        89 
                        90 		****************
                        91 		** ÈÄÅÂèó‰ø°(UART1)Èñ¢‰øÇ„ÅÆÂàùÊúüÂåñ(Ââ≤„ÇäËæº„Åø„É¨„Éô„É´„ÅØ4„Å´Âõ∫ÂÆö„Åï„Çå„Å¶„ÅÑ„Çã)
                        92 		****************
00041c 33FC 0000        93 		move.w #0x0000, USTCNT1 |„É™„Çª„ÉÉ„Éà
       00FF F900        93 
000424 33FC E100        94 		move.w #0xe100, USTCNT1 |ÈÄÅÂèó‰ø°ÂèØËÉΩ,„Éë„É™„ÉÜ„Ç£„Å™„Åó, 1 stop, 8 bit,|ÈÄÅÂèóÂâ≤„ÇäËæº„ÅøÁ¶Å
       00FF F900        94 
00042c 33FC 0038        95 		move.w #0x0038, UBAUD1  |baud rate = 230400 bps
       00FF F902        95 
                        96 
                        97 		****************
                        98 		** „Çø„Ç§„ÉûÈñ¢‰øÇ„ÅÆÂàùÊúüÂåñ(Ââ≤„ÇäËæº„Åø„É¨„Éô„É´„ÅØ6„Å´Âõ∫ÂÆö„Åï„Çå„Å¶„ÅÑ„Çã)
                        99 		*****************
000434 33FC 0004       100 		move.w #0x0004, TCTL1   | restart,Ââ≤„ÇäËæº„Åø‰∏çÂèØ,|„Ç∑„Çπ„ÉÜ„É†„ÇØ„É≠„ÉÉ„ÇØ„ÅÆ1/16„ÇíÂçò‰Ωç„Å®
       00FF F600       100 
                       101 
                       102 		***************************************************************
                       103 		** STEP2„ÅÆÂá¶ÁêÜ
                       104 		***************************************************************
                       105 		*lea.l uart1_interrupt, %a0
                       106 		*move.l %a0, 0x110 /* STEP2.1 level 4, (64+4)*4 Ââ≤„ÇäËæº„ÅøÂá¶ÁêÜ„É´„Éº„ÉÅ„É≥„ÅÆÈñãÂßã„Ç¢„Éâ„É¨„
                       107 
                       108 
                       109 
                       110 
00043c 21FC 0000       111 		move.l #uart1_interrupt, 0x110
       0000 0110       111 
                       112 		*move.l #PUTSTRING, 0x110 /* add new level*/
                       113 		
                       114 
000444 6000 0002       115 		bra MAIN
                       116 
                       117 		***************************************************************
                       118 		** ÁèæÊÆµÈöé„Åß„ÅÆÂàùÊúüÂåñ„É´„Éº„ÉÅ„É≥„ÅÆÊ≠£Â∏∏Âãï‰Ωú„ÇíÁ¢∫Ë™ç„Åô„Çã„Åü„ÇÅÔºåÊúÄÂæå„Å´‚Äôa‚Äô„Çí
                       119 		** ÈÄÅ‰ø°„É¨„Ç∏„Çπ„ÇøUTX1„Å´Êõ∏„ÅçËæº„ÇÄÔºé'a'„ÅåÂá∫Âäõ„Åï„Çå„Çå„Å∞ÔºåOK.
                       120 		***************************************************************
                       121 		.section .text
                       122 		.even
                       123 
                       124 
                       125 
                       126 
                       127 	
                       128 MAIN:
                       129 
000448 4EB9 0000       130 		jsr Init_Q
       0000            130 
00044e 13FC 0031       131 		move.b #'1', LED7
       00D0 002F       131 
000456 33FC E108       132 		move.w #0xe108,USTCNT1
       00FF F900       132 
                       133 		*move.w #0xe108, USTCNT1 |ÈÄÅ‰ø°Ââ≤„ÇäËæº„Åø„Åæ„Åß„Éû„Çπ„ÇØ
00045e 23FC 00FF       134 		move.l #0x00ff3ffb,IMR  |UART1Ë®±ÂèØ
       3FFB 00FF       134 
       F304            134 
000468 46FC 2000       135 		move.w #0x2000, %SR    /* Ëµ∞Ë°å„É¨„Éô„É´0 */
                       136 
                       137 
                       138 PS_TEST1:
                       139 		/* jsr PUTSTRING(0, #TDATA1, 16)*/
00046c 7200            140 		move.l	#0x00, %d1
00046e 243C 0000       141 		move.l	#TDATA1, %d2
       0000            141 
000474 760F            142 		move.l	#0x0f, %d3
000476 4EBA 00CC       143 		jsr PUTSTRING
                       144 		
                       145 	
00047a 13FC 0032       146 		move.b #'2', LED6
       00D0 002D       146 
000482 283C 0000       147 		move.l	#0x000fff, %d4
       0FFF            147 
                       148 	
                       149 		
                       150 LOOP:
000488 5384            151 		subq.l #1,%d4
00048a 6700 000E       152 		beq PS_TEST2
00048e 13FC 0035       153 		move.b #'5', LED3
       00D0 003F       153 
                       154 		
000496 6000 FFF0       155 		bra LOOP
                       156 
                       157 PS_TEST2:
00049a 13FC 0036       158 		move.b #'6', LED2
       00D0 003D       158 
0004a2 7200            159 		move.l	#0x00, %d1
0004a4 243C 0000       160 		move.l	#TDATA2, %d2
       0000            160 
0004aa 760F            161 		move.l	#0x0f, %d3
0004ac 4EBA 0096       162 		jsr PUTSTRING
0004b0 6000 FFE8       163 		bra PS_TEST2
                       164 
                       165 /*‰ª•‰∏ã„ÉÜ„Çπ„Éà*/
                       166 TEST_READY:
                       167 		*movem.l %d1-%d5, -(%sp)
                       168 	
0004b4 383C 0010       169 		move.w #16, %d4
0004b8 3A3C 0010       170 		move.w #16, %d5
0004bc 123C 0061       171 		move.b #0x61, %d1
0004c0 6000 0008       172 		bra TEST_LOOP
                       173 
                       174 TEST_LOOP2:
                       175 
0004c4 5241            176 		addq #1, %d1
0004c6 383C 0010       177 		move.w #16, %d4
                       178 
                       179 TEST_LOOP:
0004ca 7001            180 		moveq #1, %d0
                       181 		*move.w #0x1000, %d0
0004cc 4EB9 0000       182 		jsr INQ
       0000            182 
                       183 		*jsr OUTQ
0004d2 5344            184 		subq #1, %d4
0004d4 6600 FFF4       185 		bne TEST_LOOP
0004d8 5345            186 		subq #1, %d5
0004da 6700 0006       187 		beq TEST_END
0004de 6000 FFE4       188 		bra TEST_LOOP2
                       189 
                       190 TEST_END:
                       191 		*movem.l (%sp)+, %d1-%d5
0004e2 4E75            192 		rts
                       193 /*‰ª•‰∏ä„ÉÜ„Çπ„Éà*/
                       194 
                       195 uart1_interrupt:
0004e4 13FC 0033       196 		move.b #'3', LED5
       00D0 002B       196 
0004ec 48E7 8000       197 		movem.l %d0, -(%sp)
                       198 
                       199 		*move.b #'a', %d0 /* URX1„ÅÆ‰∏ã‰Ωç8„Éì„ÉÉ„Éà„ÅÆ„Éá„Éº„Çø„ÇíËª¢ÈÄÅ */
                       200 		*addi.w #0x0800, %d0 /* Âç≥ÂÄ§„Çí„É¨„Ç∏„Çπ„Çød0„Å´Âä†ÁÆó */
                       201 		*move.w %d0, UTX1 /* 16„Éì„ÉÉ„Éà„ÅÆ„Éá„Éº„Çø„ÇíUTX1„Å´Ëª¢ÈÄÅ *
                       202 
                       203 
0004f0 3039 00FF       204 		move.w UTX1, %d0	/*step4:UTX1„ÅÆ„Ç≥„Éî„Éº*/
       F906            204 
                       205 		
0004f6 123C 0000       206 		move.b #0, %d1	/*ch„ÅÆÈÅ∏Êäû*/
                       207 
0004fa 0C40 8000       208 		cmp #0x8000,%d0
0004fe 6400 0008       209 		bcc INTERPUT
                       210 
000502 4CDF 0001       211 		movem.l (%sp)+, %d0
                       212 		
000506 4E73            213 		rte
                       214 
                       215 
                       216 INTERPUT:
000508 48E7 E000       217 	movem.l %d0-%d2, -(%sp)
                       218 
00050c 46FC 2700       219 	move.w #0x2700, %SR	/*step4.1:Ëµ∞Ë°å„É¨„Éô„É´7*/
                       220 	
000510 0C01 0000       221 	cmp.b #0x0, %d1		/*step4.2:ch!=0„ÅßÂàÜÂ≤ê*/
                       222 
000514 6600 0020       223 	bne INTERPUT_END
                       224 
000518 103C 0001       225 	move.b #1, %d0
                       226 	*move.w #0x0800+'a', UTX1
00051c 4EB9 0000       227 	jsr OUTQ		/*step4.3:OUTQ„ÅÆÂÆüË°å*/
       0000            227 
                       228 
000522 0C40 0000       229 	cmp.w #0, %d0		/*step4.4:Êàª„ÇäÂÄ§„Åå0„ÅßÂàÜÂ≤ê*/
000526 6700 0018       230 	beq INTERPUT_MASK
00052a 1401            231 	move.b %d1, %d2
                       232 
00052c 0642 0800       233 	addi.w #0x0800, %d2
                       234 	*move.w #0x0800+'d', UTX1
000530 33C2 00FF       235 	move.w %d2, UTX1	/*step4.5:„Éò„ÉÉ„ÉÄ‰ªò‰∏é*/
       F906            235 
                       236 
                       237 
                       238 INTERPUT_END:
                       239 	*move.w #0x0800+'c', UTX1
000536 4CDF 0007       240 	movem.l (%sp)+, %d0-%d2
00053a 4CDF 0001       241 	movem.l (%sp)+, %d0
00053e 4E73            242 	rte
                       243 
                       244 INTERPUT_MASK:
                       245 	*move.w #0x0800+'b', UTX1
                       246 	*move.w #0xe100, USTCNT1	/*step4.4:ÈÄÅ‰ø°Ââ≤„ÇäËæº„Åø„ÅÆ„Éû„Çπ„ÇØ*/
000540 6000 FFF4       247 	bra INTERPUT_END
                       248 
                       249 *************************************************************
                       250 **PUTSTRING
                       251 **ÂÖ•Âäõ
                       252 **d1:„ÉÅ„É£„Éç„É´
                       253 **d2:„Éá„Éº„ÇøË™≠„ÅøËæº„ÅøÂÖà„ÅÆÂÖàÈ†≠„Ç¢„Éâ„É¨„Çπ
                       254 **d3:ÈÄÅ‰ø°„Åô„Çã„Éá„Éº„ÇøÊï∞size
                       255 **Êàª„ÇäÂÄ§
                       256 **d0:ÂÆüÈöõ„Å´ÈÄÅ‰ø°„Åó„Åü„Éá„Éº„ÇøÊï∞
                       257 *************************************************************
                       258 PUTSTRING:
000544 48E7 7FFE       259 	movem.l %a0-%a6/%d1-%d7, -(%SP)
                       260 
000548 0C01 0000       261 	cmp.b #0x00, %d1		/*ch!=0„ÅßÂàÜÂ≤ê*/	
00054c 6600 003C       262 	bne PUTSTRING_END
                       263 	/* rv: „Éê„Ç§„Éà„Çµ„Ç§„Ç∫„ÅÆÊØîËºÉ„ÄÇÔºê„Åß„ÅØ„Å™„ÅÑ„Å®„Åç„Å´ÁµÇ‰∫Ü„Åô„Çã*/
                       264 	
000550 383C 0000       265 	move.w #0x0000,%d4 		/*%d4=sz:ÈÄÅ‰ø°„Åó„Åü„Éá„Éº„ÇøÊï∞„ÇíÊ†ºÁ¥ç*/
                       266 	/* rv: „Éá„Éº„ÇøÊï∞(sz)„ÅÆÂàùÊúüÂåñ*/
                       267 
000554 2242            268 	move.l %d2,%a1 		/*%d5:„Éá„Éº„Çø„ÅÆË™≠„ÅøËæº„ÅøÂÖà„Ç¢„Éâ„É¨„Çπ/
                       269 	/* rv: Ë™≠„ÅøËæº„ÅøÂÖà„ÅÆÂÖàÈ†≠„Ç¢„Éâ„É¨„Çπ„Çía1„Å´Ê†ºÁ¥ç„Åô„Çã*/	
                       270 
000556 0C43 0000       271 	cmp.w #0x0000,%d3		/*size=0„ÅßÂàÜÂ≤ê*/
00055a 6700 002E       272 	beq PUTSTRING_END
                       273 	/* rv: d3(size)„Åå0„Å™„Çâ„Å∞ÁµÇ‰∫Ü„Åô„Çã*/
                       274 
                       275 
                       276 LOOP_STEP5:
00055e B644            277 	cmp.w %d4,%d3		/*sz=size„ÅßÂàÜÂ≤ê*/
000560 6700 001C       278 	beq PUTSTRING_MASK
                       279 	/* d3 „Å® d4 size = sz „Å™„Çâ„Å∞„Éû„Çπ„ÇØ„Å∏ÁßªÂãï*/
                       280 
000564 103C 0001       281 	move.b #0x01,%d0 		/*„Ç≠„É•„ÉºÁï™Âè∑„ÅÆË®≠ÂÆö*/
000568 1219            282 	move.b (%a1)+,%d1	/*„Éá„Éº„Çø„ÇíINQ„ÅÆÂÖ•Âäõd1„Å´Ê†ºÁ¥ç*/
                       283 	/* rv: ÂÖàÈ†≠„Ç¢„Éâ„É¨„Çπ„Åã„ÇâÈ†Ü„Å´Ê†ºÁ¥ç„Åô„Çã*/
                       284 
00056a 4EB9 0000       285 	jsr INQ
       0000            285 
                       286 
000570 0C00 0000       287 	cmp.b #0x00,%d0		/*ÊàêÂäüorÂ§±ÊïóÂà§ÂÆö*/
000574 6700 0008       288 	beq PUTSTRING_MASK
                       289 	/*rv : Â§±Êïó„Å™„Çâ„Å∞„Éû„Çπ„ÇØ„Å∏ÁßªÂãï„Åô„Çã*/
                       290 
000578 5244            291 	addq.w #0x01,%d4		/*sz++*/
00057a 6000 FFE2       292 	bra LOOP_STEP5
                       293 
                       294 PUTSTRING_MASK:
                       295 
                       296 	*move.w #0xE10C, USTCNT1	/*ÈÄÅ‰ø°Ââ≤„ÇäËæº„ÅøË®±ÂèØ*/
00057e 33FC E10C       297 	move.w #0xe10C, USTCNT1
       00FF F900       297 
000586 6000 0002       298 	bra PUTSTRING_END
                       299 
                       300 PUTSTRING_END:
                       301 
00058a 3004            302 	move.w %d4,%d0		/*Êàª„ÇäÂÄ§d0„Å´ÂÆüÈöõ„Å´ÈÄÅ‰ø°„Åó„Åü„Éá„Éº„ÇøÊï∞„ÇíÊ†ºÁ¥ç*/	
00058c 4CDF 7FFE       303 	movem.l (%SP)+, %a0-%a6/%d1-%d7
                       304 
                       305 	*rte 			/*?*/
                       306 	/* bus errorÂá∫„Åü„ÅÆ„ÅßÂ§âÊõ¥„Åó„Åü*/
                       307 	
                       308 	***
000590 13FC 0034       309 	move.b #'4', LED4
       00D0 0029       309 
                       310 	***
000598 4E75            311 	rts
                       312 
                       313 ******************************************************************************:
                       314 
                       315 ******
                       316 ******‰ª•ÈôçQUEUE
                       317 ******
                       318 
                       319 .section .data
                       320 .equ IN_COUNT, 257
                       321 .equ OUT_COUNT, 257
                       322 .equ queue_number, 1
                       323 .equ OFFSET_1, 0x100
                       324 .equ END_0, 0xff
                       325 .equ END_1, 0x1ff
0005bc 0000 0000       326 top: .ds.b 0x200
       0000 0000       326 
       0000 0000       326 
       0000 0000       326 
       0000 0000       326 
0007bc 0000 0000       327 bottom: .ds.l 1
0007c0 0000 0000       328 in: .ds.l 1
0007c4 0000 0000       329 in_0: .ds.l 1
0007c8 0000 0000       330 in_1: .ds.l 1
0007cc 0000 0000       331 out: .ds.l 1
0007d0 0000 0000       332 out_0: .ds.l 1
0007d4 0000 0000       333 out_1: .ds.l 1
0007d8 0000 0000       334 s: .ds.l 1
0007dc 0000 0000       335 s0: .ds.l 1
0007e0 0000 0000       336 s1: .ds.l 1
0007e4 0000 0000       337 START_LABEL: .ds.l 1
                       338 
                       339 /* ÂàùÊúüÂåñ*/
                       340 Init_Q:
0007e8 48E7 003E       341 movem.l %a2-%a6, -(%sp) /* ÂøúÊÄ•Âá¶ÁΩÆ*/
0007ec 45FA FDCE       342 lea.l top, %a2
0007f0 23CA 0000       343 move.l %a2, in_0
       0000            343 
0007f6 23CA 0000       344 move.l %a2, out_0
       0000            344 
0007fc 47EA 0100       345 lea.l OFFSET_1(%a2), %a3
000800 23CB 0000       346 move.l %a3, in_1
       0000            346 
000806 23CB 0000       347 move.l %a3, out_1
       0000            347 
00080c 49FA FFCA       348 lea.l s, %a4
000810 4BFA FFCA       349 lea.l s0, %a5
000814 4DFA FFCA       350 lea.l s1, %a6
000818 28BC 0000       351 move.l #0,(%a4)
       0000            351 
00081e 2ABC 0000       352 move.l #0,(%a5)
       0000            352 
000824 2CBC 0000       353 move.l #0,(%a6)
       0000            353 
00082a 4CDF 7C00       354 movem.l (%sp)+, %a2-%a6 /* ÂøúÊÄ•Âá¶ÁΩÆ*/
00082e 4E75            355 rts
                       356 
                       357 *****************************************************************
                       358 **d0:„Ç≠„É•„Éº„ÅÆÈÅ∏Êäû
                       359 **d1:Êõ∏„ÅçËæº„ÇÄ„Éá„Éº„Çø
                       360 **d1:Ëøî„ÇäÂÄ§„ÄÅÊàêÂäüorÂ§±Êïó
                       361 *****************************************************************
                       362 INQ:
000830 48E7 1000       363 movem.l %d3, -(%sp)
000834 40C3            364 move.w %SR, %d3
000836 46FC 2700       365 move.w #0x2700, %SR
00083a 4EBA 000E       366 jsr SELECT_QUEUE
00083e 4EBA 008C       367 jsr PUT_BUF
000842 46C3            368 move.w %d3, %SR
000844 4CDF 0008       369 movem.l (%sp)+, %d3
000848 4E75            370 rts
                       371 
                       372 SELECT_QUEUE:
00084a 0C00 0000       373 cmp.b #0, %d0
00084e 6700 000C       374 beq SET_0
000852 0C00 0001       375 cmp.b #1, %d0
000856 6700 003A       376 beq SET_1
00085a 4E75            377 rts
                       378 
                       379 SET_0:
00085c 48E7 0030       380 movem.l %a2-%a3, -(%sp)
000860 23FA FF62       381 move.l in_0, in
       0000 0000       381 
000868 23FA FF66       382 move.l out_0, out
       0000 0000       382 
                       383 
000870 45FA FD4A       384 lea.l top, %a2
000874 23CA 0000       385 move.l %a2, START_LABEL
       0000            385 
00087a 47EA 00FF       386 lea.l END_0(%a2), %a3
00087e 23CB 0000       387 move.l %a3, bottom
       0000            387 
000884 23FA FF56       388 move.l s0,s
       0000 0000       388 
00088c 4CDF 0C00       389 movem.l (%sp)+, %a2-%a3
000890 4E75            390 rts
                       391 
                       392 SET_1:
000892 48E7 0030       393 movem.l %a2-%a3, -(%sp)
000896 23FA FF30       394 move.l in_1, in
       0000 0000       394 
00089e 23FA FF34       395 move.l out_1, out
       0000 0000       395 
                       396 
0008a6 45FA FD14       397 lea.l top, %a2
0008aa 47EA 0100       398 lea.l OFFSET_1(%a2), %a3
0008ae 23CB 0000       399 move.l %a3, START_LABEL
       0000            399 
0008b4 47EA 01FF       400 lea.l END_1(%a2), %a3
0008b8 23CB 0000       401 move.l %a3, bottom
       0000            401 
0008be 23FA FF20       402 move.l s1,s
       0000 0000       402 
0008c6 4CDF 0C00       403 movem.l (%sp)+, %a2-%a3
0008ca 4E75            404 rts
                       405 
                       406 PUT_BUF:
0008cc 48E7 407E       407 movem.l %a1-%a6/%d1, -(%sp)
                       408 
0008d0 243A FF06       409 move.l s,%d2
0008d4 0C82 0000       410 cmp.l #0x100,%d2
       0100            410 
0008da 6700 0038       411 beq PUT_FAIL 
                       412 
0008de 49FA FEF8       413 lea.l s,%a4
0008e2 5294            414 addq.l #1,(%a4)
0008e4 143C 0001       415 move.b #1,%d2 /*ÊàêÂäü*/
0008e8 227A FED6       416 movea.l in, %a1
0008ec 12C1            417 move.b %d1, (%a1)+  
                       418 
0008ee 267A FECC       419 move.l bottom, %a3
0008f2 B3CB            420 cmpa.l %a3, %a1
0008f4 6300 0008       421 bls PUT_BUF_STEP1
0008f8 247A FEEA       422 move.l START_LABEL, %a2
0008fc 224A            423 movea.l %a2, %a1
                       424 
                       425 PUT_BUF_STEP1:
0008fe 23C9 0000       426 move.l %a1, in
       0000            426 
000904 B3FA FEC6       427 cmpa.l out, %a1
000908 6600 0002       428 bne PUT_BUF_STEP2
                       429 
                       430 PUT_BUF_STEP2:
00090c 4EBA 0014       431 jsr UPDATE
000910 6000 000A       432 bra PUT_BUF_Finish
                       433 
                       434 PUT_FAIL:
000914 343C 0000       435 move.w #0,%d2 /*Â§±Êïó*/
000918 4EBA 0008       436 jsr UPDATE
                       437 
                       438 PUT_BUF_Finish:
00091c 4CDF 7E02       439 movem.l (%sp)+, %a1-%a6/%d1
000920 4E75            440 rts
                       441 
                       442 UPDATE:
000922 0C00 0000       443 cmp.b #0, %d0
000926 6700 000C       444 beq QUEUE_0
00092a 0C00 0001       445 cmp.b #1, %d0
00092e 6700 001E       446 beq QUEUE_1
000932 4E75            447 rts
                       448 
                       449 QUEUE_0:
000934 23C9 0000       450 move.l %a1, in_0
       0000            450 
00093a 23FA FE90       451 move.l out, out_0
       0000 0000       451 
000942 23FA FE94       452 move.l s,s0
       0000 0000       452 
00094a 3002            453 move.w %d2,%d0 /*ÊàêÂäüorÂ§±Êïó„ÅÆËøî„ÇäÂÄ§*/
                       454 
00094c 4E75            455 rts
                       456 QUEUE_1:
00094e 23C9 0000       457 move.l %a1, in_1
       0000            457 
000954 23FA FE76       458 move.l out, out_1
       0000 0000       458 
00095c 23FA FE7A       459 move.l s,s1
       0000 0000       459 
000964 3002            460 move.w %d2,%d0 /*ÊàêÂäüorÂ§±Êïó„ÅÆËøî„ÇäÂÄ§*/
000966 4E75            461 rts
                       462 
                       463 ********************************************
                       464 **d0:„Ç≠„É•„Éº„ÅÆÈÅ∏Êäû
                       465 **d1:Êàª„ÇäÂÄ§„ÄÅÂèñ„ÇäÂá∫„Åó„Åü„Éá„Éº„Çø
                       466 ********************************************
                       467 OUTQ:
                       468 *move.w #0x0800+'a', UTX1
000968 48E7 1000       469 movem.l %d3, -(%sp)
00096c 40C3            470 move.w %SR, %d3
00096e 46FC 2700       471 move.w #0x2700, %SR
000972 4EBA FED6       472 jsr SELECT_QUEUE
000976 4EBA 000A       473 jsr GET_BUF
00097a 46C3            474 move.w %d3, %SR
00097c 4CDF 0008       475 movem.l (%sp)+, %d3
000980 4E75            476 rts
                       477 
                       478 GET_BUF:
000982 48E7 007E       479 movem.l %a1-%a6, -(%sp)
                       480 
000986 243A FE50       481 move.l s,%d2
00098a 0C82 0000       482 cmp.l #0x00,%d2
       0000            482 
000990 6700 0038       483 beq GET_FAIL
                       484 
000994 143C 0001       485 move.b #1,%d2 /*ÊàêÂäü*/
000998 49FA FE3E       486 lea.l s,%a4
00099c 5394            487 subq.l #1,(%a4)
00099e 227A FE2C       488 movea.l out, %a1
0009a2 1219            489 move.b (%a1)+, %d1     
0009a4 267A FE16       490 move.l bottom, %a3
0009a8 B3CB            491 cmpa.l %a3, %a1
0009aa 6300 0008       492 bls GET_BUF_STEP1
0009ae 247A FE34       493 move.l START_LABEL, %a2
0009b2 224A            494 movea.l %a2, %a1
                       495 
                       496 GET_BUF_STEP1:
0009b4 23C9 0000       497 move.l %a1, out
       0000            497 
0009ba B3FA FE04       498 cmpa.l in, %a1
0009be 6600 0002       499 bne GET_BUF_STEP2
                       500 
                       501 GET_BUF_STEP2:
0009c2 4EBA FF5E       502 jsr UPDATE
0009c6 6000 000A       503 bra GET_BUF_Finish
                       504 
                       505 GET_FAIL:
0009ca 343C 0000       506 move.w #0,%d2 /*Â§±Êïó*/
0009ce 4EBA FF52       507 jsr UPDATE
                       508 *move.w #0x0800+'e', UTX1
                       509 
                       510 GET_BUF_Finish:
0009d2 4CDF 7E00       511 movem.l (%sp)+, %a1-%a6
0009d6 4E75            512 rts
                       513 
                       514 
                       515 
