                         4 .list
                         5 		***************************************************************
                         6 		**ÂêÑÁ®Æ„É¨„Ç∏„Çπ„ÇøÂÆöÁæ©
                         7 		***************************************************************
                         8 
                         9 		***************
                        10 		** „É¨„Ç∏„Çπ„ÇøÁæ§„ÅÆÂÖàÈ†≠
                        11 		***************
                        12 		.equ REGBASE,   0xFFF000          | DMAP„Çí‰ΩøÁî®Ôºé
                        13 		.equ IOBASE,    0x00d00000
                        14 
                        15 		***************
                        16 		** Ââ≤„ÇäËæº„ÅøÈñ¢‰øÇ„ÅÆ„É¨„Ç∏„Çπ„Çø
                        17 		***************
                        18 		.equ IVR,       REGBASE+0x300     |Ââ≤„ÇäËæº„Åø„Éô„ÇØ„Çø„É¨„Ç∏„Çπ„Çø
                        19 		.equ IMR,       REGBASE+0x304     |Ââ≤„ÇäËæº„Åø„Éû„Çπ„ÇØ„É¨„Ç∏„Çπ„Çø
                        20 		.equ ISR,       REGBASE+0x30c     |Ââ≤„ÇäËæº„Åø„Çπ„ÉÜ„Éº„Çø„Çπ„É¨„Ç∏„Çπ„Çø
                        21 		.equ IPR,       REGBASE+0x310     |Ââ≤„ÇäËæº„Åø„Éö„É≥„Éá„Ç£„É≥„Ç∞„É¨„Ç∏„Çπ„Çø
                        22 
                        23 		***************
                        24 		** „Çø„Ç§„ÉûÈñ¢‰øÇ„ÅÆ„É¨„Ç∏„Çπ„Çø
                        25 		***************
                        26 		.equ TCTL1,     REGBASE+0x600     |„Çø„Ç§„ÉûÔºë„Ç≥„É≥„Éà„É≠„Éº„É´„É¨„Ç∏„Çπ„Çø
                        27 		.equ TPRER1,    REGBASE+0x602     |„Çø„Ç§„ÉûÔºë„Éó„É™„Çπ„Ç±„Éº„É©„É¨„Ç∏„Çπ„Çø
                        28 		.equ TCMP1,     REGBASE+0x604     |„Çø„Ç§„ÉûÔºë„Ç≥„É≥„Éö„Ç¢„É¨„Ç∏„Çπ„Çø
                        29 		.equ TCN1,      REGBASE+0x608     |„Çø„Ç§„ÉûÔºë„Ç´„Ç¶„É≥„Çø„É¨„Ç∏„Çπ„Çø
                        30 		.equ TSTAT1,    REGBASE+0x60a     |„Çø„Ç§„ÉûÔºë„Çπ„ÉÜ„Éº„Çø„Çπ„É¨„Ç∏„Çπ„Çø
                        31 
                        32 		***************
                        33 		** UART1ÔºàÈÄÅÂèó‰ø°ÔºâÈñ¢‰øÇ„ÅÆ„É¨„Ç∏„Çπ„Çø
                        34 		***************
                        35 		.equ USTCNT1,   REGBASE+0x900     | UART1„Çπ„ÉÜ„Éº„Çø„Çπ/„Ç≥„É≥„Éà„É≠„Éº„É´„É¨„Ç∏„Çπ„Çø
                        36 		.equ UBAUD1,    REGBASE+0x902     | UART1„Éú„Éº„Ç≥„É≥„Éà„É≠„Éº„É´„É¨„Ç∏„Çπ„Çø
                        37 		.equ URX1,      REGBASE+0x904     | UART1Âèó‰ø°„É¨„Ç∏„Çπ„Çø
                        38 		.equ UTX1,      REGBASE+0x906     | UART1ÈÄÅ‰ø°„É¨„Ç∏„Çπ„Çø
                        39 
                        40 		***************
                        41 		** LED
                        42 		***************
                        43 		.equ LED7,      IOBASE+0x000002f  |„Éú„Éº„ÉâÊê≠Ëºâ„ÅÆLEDÁî®„É¨„Ç∏„Çπ„Çø
                        44 		.equ LED6,      IOBASE+0x000002d  |‰ΩøÁî®Ê≥ï„Å´„Å§„ÅÑ„Å¶„ÅØ‰ªòÈå≤A.4.3.1
                        45 		.equ LED5,      IOBASE+0x000002b
                        46 		.equ LED4,      IOBASE+0x0000029
                        47 		.equ LED3,      IOBASE+0x000003f
                        48 		.equ LED2,      IOBASE+0x000003d
                        49 		.equ LED1,      IOBASE+0x000003b
                        50 		.equ LED0,      IOBASE+0x0000039
                        51 
                        52 		***************************************************************
                        53 		** „Çπ„Çø„ÉÉ„ÇØÈ†òÂüü„ÅÆÁ¢∫‰øù
                        54 		***************************************************************
                        55 		.section .bss
                        56 		.even
                        57 SYS_STK:
000a70 0000 0000        58 		.ds.b   0x4000  |„Ç∑„Çπ„ÉÜ„É†„Çπ„Çø„ÉÉ„ÇØÈ†òÂüü
       0000 0000        58 
       0000 0000        58 
       0000 0000        58 
       0000 0000        58 
                        59 		.even
                        60 SYS_STK_TOP:            |„Ç∑„Çπ„ÉÜ„É†„Çπ„Çø„ÉÉ„ÇØÈ†òÂüü„ÅÆÊúÄÂæåÂ∞æ
                        61 
                        62 		***************************************************************
                        63 		** ÂàùÊúüÂåñ
                        64 		** ÂÜÖÈÉ®„Éá„Éê„Ç§„Çπ„É¨„Ç∏„Çπ„Çø„Å´„ÅØÁâπÂÆö„ÅÆÂÄ§„ÅåË®≠ÂÆö„Åï„Çå„Å¶„ÅÑ„ÇãÔºé
                        65 		** „Åù„ÅÆÁêÜÁî±„ÇíÁü•„Çã„Å´„ÅØÔºå‰ªòÈå≤B„Å´„ÅÇ„ÇãÂêÑ„É¨„Ç∏„Çπ„Çø„ÅÆ‰ªïÊßò„ÇíÂèÇÁÖß„Åô„Çã„Åì„Å®Ôºé
                        66 		***************************************************************
                        67 
                        68 
                        69 .section .data
00080c 3031 3233        70 	TDATA1: .ascii "0123456789ABCDEF"
       3435 3637        70 
       3839 4142        70 
       4344 4546        70 
00081c 2D2D 2D2D        71 	TDATA3: .ascii "----------------"
       2D2D 2D2D        71 
       2D2D 2D2D        71 
       2D2D 2D2D        71 
00082c 6B6C 6D6E        72 	TDATA2: .ascii "klmnopqrstuvwxyz"
       6F70 7172        72 
       7374 7576        72 
       7778 797A        72 
                        73 
                        74 
                        75 		
                        76 
                        77 .section .text
                        78 		.even
                        79 boot:
                        80 		* „Çπ„Éº„Éë„Éº„Éê„Ç§„Ç∂&ÂêÑÁ®ÆË®≠ÂÆö„ÇíË°å„Å£„Å¶„ÅÑ„ÇãÊúÄ‰∏≠„ÅÆÂâ≤ËæºÁ¶ÅÊ≠¢
000400 46FC 2700        81 		move.w #0x2700,%SR
000404 4FF9 0000        82 		lea.l  SYS_STK_TOP, %SP | Set SSP
       0000             82 
                        83 
                        84 		****************
                        85 		**Ââ≤„ÇäËæº„Åø„Ç≥„É≥„Éà„É≠„Éº„É©„ÅÆÂàùÊúüÂåñ
                        86 		****************
00040a 13FC 0040        87 		move.b #0x40, IVR       |„É¶„Éº„Ç∂Ââ≤„ÇäËæº„Åø„Éô„ÇØ„ÇøÁï™Âè∑„Çí| 0x40+level„Å´Ë®≠ÂÆöÔºé
       00FF F300        87 
000412 23FC 00FF        88 		move.l #0x00ffffff,IMR  |ÂÖ®Ââ≤„ÇäËæº„Åø„Éû„Çπ„ÇØ /* STEP2.3 */
       FFFF 00FF        88 
       F304             88 
                        89 
                        90 		****************
                        91 		** ÈÄÅÂèó‰ø°(UART1)Èñ¢‰øÇ„ÅÆÂàùÊúüÂåñ(Ââ≤„ÇäËæº„Åø„É¨„Éô„É´„ÅØ4„Å´Âõ∫ÂÆö„Åï„Çå„Å¶„ÅÑ„Çã)
                        92 		****************
00041c 33FC 0000        93 		move.w #0x0000, USTCNT1 |„É™„Çª„ÉÉ„Éà
       00FF F900        93 
000424 33FC E100        94 		move.w #0xe100, USTCNT1 |ÈÄÅÂèó‰ø°ÂèØËÉΩ,„Éë„É™„ÉÜ„Ç£„Å™„Åó, 1 stop, 8 bit,|ÈÄÅÂèóÂâ≤„ÇäËæº„ÅøÁ¶Å
       00FF F900        94 
00042c 33FC 0038        95 		move.w #0x0038, UBAUD1  |baud rate = 230400 bps
       00FF F902        95 
                        96 
                        97 		****************
                        98 		** „Çø„Ç§„ÉûÈñ¢‰øÇ„ÅÆÂàùÊúüÂåñ(Ââ≤„ÇäËæº„Åø„É¨„Éô„É´„ÅØ6„Å´Âõ∫ÂÆö„Åï„Çå„Å¶„ÅÑ„Çã)
                        99 		*****************
000434 33FC 0004       100 		move.w #0x0004, TCTL1   | restart,Ââ≤„ÇäËæº„Åø‰∏çÂèØ,|„Ç∑„Çπ„ÉÜ„É†„ÇØ„É≠„ÉÉ„ÇØ„ÅÆ1/16„ÇíÂçò‰Ωç„Å®
       00FF F600       100 
                       101 
                       102 		***************************************************************
                       103 		** STEP2„ÅÆÂá¶ÁêÜ
                       104 		***************************************************************
                       105 		/* ÂàùÊúüÂåñÂá¶ÁêÜ„Çí„É°„Ç§„É≥„É´„Éº„ÉÅ„É≥„Åã„Çâ„Åì„Å°„Çâ„Å∏ÁßªÂãï */
                       106 		*lea.l uart1_interrupt, %a0
                       107 		*move.l %a0, 0x110 /* STEP2.1 level 4, (64+4)*4 Ââ≤„ÇäËæº„ÅøÂá¶ÁêÜ„É´„Éº„ÉÅ„É≥„ÅÆÈñãÂßã„Ç¢„Éâ„É¨„
00043c 21FC 0000       108 		move.l #uart1_interrupt, 0x110
       0000 0110       108 
                       109 		
000444 33FC E100       110 		move.w #0xe100, USTCNT1 |ÈÄÅÂèó‰ø°Ââ≤„ÇäËæº„Åø„Éû„Çπ„ÇØ
       00FF F900       110 
00044c 23FC 00FF       111 		move.l #0x00ff3ffb,IMR  |UART1Ë®±ÂèØ
       3FFB 00FF       111 
       F304            111 
000456 46FC 2700       112 		move.w #0x2700, %SR    /* Ëµ∞Ë°å„É¨„Éô„É´7 */
                       113 		
                       114 
00045a 6000 0002       115 		bra MAIN
                       116 
                       117 		***************************************************************
                       118 		** ÁèæÊÆµÈöé„Åß„ÅÆÂàùÊúüÂåñ„É´„Éº„ÉÅ„É≥„ÅÆÊ≠£Â∏∏Âãï‰Ωú„ÇíÁ¢∫Ë™ç„Åô„Çã„Åü„ÇÅÔºåÊúÄÂæå„Å´‚Äôa‚Äô„Çí
                       119 		** ÈÄÅ‰ø°„É¨„Ç∏„Çπ„ÇøUTX1„Å´Êõ∏„ÅçËæº„ÇÄÔºé'a'„ÅåÂá∫Âäõ„Åï„Çå„Çå„Å∞ÔºåOK.
                       120 		***************************************************************
                       121 		.section .text
                       122 		.even
                       123 
                       124 
                       125 
                       126 
                       127 	
                       128 MAIN:
00045e 4EBA 0138       129 		jsr Init_Q
                       130 		*move.b #'1', LED7
000462 33FC E108       131 		move.w #0xe108,USTCNT1
       00FF F900       131 
00046a 46FC 2000       132 		move.w #0x2000, %SR    /* Ëµ∞Ë°å„É¨„Éô„É´0 */
                       133 
                       134 
                       135 PS_TEST1:
                       136 		/* jsr PUTSTRING(0, #TDATA1, 16)*/
00046e 123C 0001       137 		move.b	#0x01, %d1
000472 243C 0000       138 		move.l	#TDATA1, %d2
       0000            138 
000478 7610            139 		move.l	#0x10, %d3
00047a 4EBA 00C4       140 		jsr PUTSTRING
                       141 	
00047e 13FC 0032       142 		move.b #'2', LED6
       00D0 002D       142 
000486 283C 0000       143 		move.l	#0x0ffff, %d4
       FFFF            143 
                       144 	
                       145 		
                       146 LOOP:
00048c 5384            147 		subq.l #1,%d4
00048e 6700 0006       148 		beq PS_TEST2
                       149 		*move.b #'5', LED3
                       150 		
000492 6000 FFF8       151 		bra LOOP
                       152 
                       153 PS_TEST2:
000496 13FC 0036       154 		move.b #'6', LED2
       00D0 003D       154 
00049e 123C 0001       155 		move.b	#0x01, %d1
0004a2 243C 0000       156 		move.l	#TDATA2, %d2
       0000            156 
0004a8 7610            157 		move.l	#0x10, %d3
0004aa 4EBA 0094       158 		jsr PUTSTRING
0004ae 6000 FFE6       159 		bra PS_TEST2
                       160 
                       161 /*‰ª•‰∏ã„ÉÜ„Çπ„Éà*/
                       162 TEST_READY:
                       163 		*movem.l %d1-%d5, -(%sp)
                       164 	
0004b2 383C 0010       165 		move.w #16, %d4
0004b6 3A3C 0010       166 		move.w #16, %d5
0004ba 123C 0061       167 		move.b #0x61, %d1
0004be 6000 0008       168 		bra TEST_LOOP
                       169 
                       170 TEST_LOOP2:
                       171 
0004c2 5241            172 		addq #1, %d1
0004c4 383C 0010       173 		move.w #16, %d4
                       174 
                       175 TEST_LOOP:
0004c8 7001            176 		moveq #1, %d0
                       177 		*move.w #0x1000, %d0
0004ca 4EBA 010E       178 		jsr INQ
                       179 		*jsr OUTQ
0004ce 5344            180 		subq #1, %d4
0004d0 6600 FFF6       181 		bne TEST_LOOP
0004d4 5345            182 		subq #1, %d5
0004d6 6700 0006       183 		beq TEST_END
0004da 6000 FFE6       184 		bra TEST_LOOP2
                       185 
                       186 TEST_END:
                       187 		*movem.l (%sp)+, %d1-%d5
0004de 4E75            188 		rts
                       189 /*‰ª•‰∏ä„ÉÜ„Çπ„Éà*/
                       190 
                       191 uart1_interrupt:
0004e0 13FC 0033       192 		move.b #'3', LED5
       00D0 002B       192 
0004e8 48E7 8000       193 		movem.l %d0, -(%sp)
                       194 
                       195 		*move.b #'a', %d0 /* URX1„ÅÆ‰∏ã‰Ωç8„Éì„ÉÉ„Éà„ÅÆ„Éá„Éº„Çø„ÇíËª¢ÈÄÅ */
                       196 		*addi.w #0x0800, %d0 /* Âç≥ÂÄ§„Çí„É¨„Ç∏„Çπ„Çød0„Å´Âä†ÁÆó */
                       197 		*move.w %d0, UTX1 /* 16„Éì„ÉÉ„Éà„ÅÆ„Éá„Éº„Çø„ÇíUTX1„Å´Ëª¢ÈÄÅ */
                       198 
                       199 
0004ec 3039 00FF       200 		move.w UTX1, %d0	/*step4:UTX1„ÅÆ„Ç≥„Éî„Éº*/
       F906            200 
                       201 		
0004f2 123C 0000       202 		move.b #0, %d1	/*ch„ÅÆÈÅ∏Êäû*/
                       203 
0004f6 0C40 8000       204 		cmp #0x8000,%d0
0004fa 6400 0008       205 		bcc INTERPUT
                       206 
0004fe 4CDF 0001       207 		movem.l (%sp)+, %d0
                       208 		
000502 4E73            209 		rte
                       210 
                       211 
                       212 INTERPUT:
000504 48E7 E000       213 		movem.l %d0-%d2, -(%sp)
                       214 
000508 46FC 2700       215 		move.w #0x2700, %SR	/*step4.1:Ëµ∞Ë°å„É¨„Éô„É´7*/
                       216 
00050c 0C01 0000       217 		cmp.b #0x0, %d1		/*step4.2:ch!=0„ÅßÂàÜÂ≤ê*/
                       218 
000510 6600 001C       219 		bne INTERPUT_END
                       220 
000514 7001            221 		move.l #1, %d0
                       222 
000516 4EBA 01DA       223 		jsr OUTQ		/*step4.3:OUTQ„ÅÆÂÆüË°å*/
                       224 
00051a 0C40 0000       225 		cmp.w #0, %d0		/*step4.4:Êàª„ÇäÂÄ§„Åå0„ÅßÂàÜÂ≤ê*/
                       226 
00051e 6700 0014       227 		beq INTERPUT_MASK
                       228 
000522 1401            229 		move.b %d1, %d2
                       230 
000524 0642 0800       231 		addi.w #0x0800, %d2
                       232 
                       233 
000528 33C2 00FF       234 		move.w %d2, UTX1	/*step4.5:„Éò„ÉÉ„ÉÄ‰ªò‰∏é*/
       F906            234 
                       235 
                       236 
                       237 INTERPUT_END:
00052e 4CDF 0007       238 		movem.l (%sp)+, %d0-%d2
                       239 
                       240 		*movem.l (%sp)+, %d0
                       241 
000532 4E73            242 		rte
                       243 
                       244 INTERPUT_MASK:
000534 33FC E100       245 		move.w #0xe100, USTCNT1	/*step4.4:ÈÄÅ‰ø°Ââ≤„ÇäËæº„Åø„ÅÆ„Éû„Çπ„ÇØ*/
       00FF F900       245 
                       246 		/* ‚Üë ‰ΩïÊïÖ„Åã„Ç≥„É°„É≥„Éà„Ç¢„Ç¶„Éà„Åï„Çå„Å¶„ÅÑ„Åü„ÅÆ„Åß„ÄÅ‰øÆÊ≠£ */
                       247 
00053c 6000 FFF0       248 		bra INTERPUT_END
                       249 
                       250 *************************************************************
                       251 **PUTSTRING
                       252 **ÂÖ•Âäõ
                       253 **d1:„ÉÅ„É£„Éç„É´
                       254 **d2:„Éá„Éº„ÇøË™≠„ÅøËæº„ÅøÂÖà„ÅÆÂÖàÈ†≠„Ç¢„Éâ„É¨„Çπ
                       255 **d3:ÈÄÅ‰ø°„Åô„Çã„Éá„Éº„ÇøÊï∞size
                       256 **Êàª„ÇäÂÄ§
                       257 **d0:ÂÆüÈöõ„Å´ÈÄÅ‰ø°„Åó„Åü„Éá„Éº„ÇøÊï∞
                       258 *************************************************************
                       259 PUTSTRING:
000540 48E7 7EFE       260 		movem.l %a0-%a6/%d1-%d6, -(%SP)
                       261 
000544 0C01 0000       262 		cmp.b #0x00, %d1		/*ch!=0„ÅßÂàÜÂ≤ê*/
000548 6600 0046       263 		bne PUTSTRING_END
                       264 		/* rv: „Éê„Ç§„Éà„Çµ„Ç§„Ç∫„ÅÆÊØîËºÉ„ÄÇÔºê„Åß„ÅØ„Å™„ÅÑ„Å®„Åç„Å´ÁµÇ‰∫Ü„Åô„Çã*/
                       265 
00054c 7800            266 		move.l #0x0000,%d4 		/*%d4=sz:ÈÄÅ‰ø°„Åó„Åü„Éá„Éº„ÇøÊï∞„ÇíÊ†ºÁ¥ç*/
                       267 		/* rv: „Éá„Éº„ÇøÊï∞(sz)„ÅÆÂàùÊúüÂåñ*/
                       268 
00054e 2242            269 		move.l %d2,%a1 		/*%d5:„Éá„Éº„Çø„ÅÆË™≠„ÅøËæº„ÅøÂÖà„Ç¢„Éâ„É¨„Çπ/
                       270 		/* rv: Ë™≠„ÅøËæº„ÅøÂÖà„ÅÆÂÖàÈ†≠„Ç¢„Éâ„É¨„Çπ„Çía1„Å´Ê†ºÁ¥ç„Åô„Çã*/	
                       271 
000550 0C83 0000       272 		cmp.l #0x0000,%d3		/*size=0„ÅßÂàÜÂ≤ê*/
       0000            272 
000556 6700 0038       273 		beq PUTSTRING_END
                       274 		/* rv: d3(size)„Åå0„Å™„Çâ„Å∞ÁµÇ‰∫Ü„Åô„Çã*/
                       275 
                       276 
                       277 LOOP_STEP5:
00055a B684            278 		cmp.l %d4,%d3		/*sz=size„ÅßÂàÜÂ≤ê*/
00055c 6700 001E       279 		beq PUTSTRING_MASK
                       280 				/* d3 „Å® d4 size = sz „Å™„Çâ„Å∞„Éû„Çπ„ÇØ„Å∏ÁßªÂãï*/
                       281 
000560 7001            282 		move.l #0x01,%d0 		/*„Ç≠„É•„ÉºÁï™Âè∑„ÅÆË®≠ÂÆö*/
                       283 /* rv:  INQ„Åå„Éê„Ç§„Éà„Çµ„Ç§„Ç∫„ÅßÊØîËºÉ„Åô„Çã„ÅÆ„ÅßÔΩÇ„Å´Ë®≠ÂÆö*/
000562 1219            284 		move.b (%a1)+,%d1	/*„Éá„Éº„Çø„ÇíINQ„ÅÆÂÖ•Âäõd1„Å´Ê†ºÁ¥ç*/
                       285 		/* rv: ÂÖàÈ†≠„Ç¢„Éâ„É¨„Çπ„Åã„ÇâÈ†Ü„Å´Ê†ºÁ¥ç„Åô„Çã*/
                       286 
000564 4EBA 0074       287 		jsr INQ
                       288 
000568 0C40 0000       289 		cmp.w #0x00,%d0		/*ÊàêÂäüorÂ§±ÊïóÂà§ÂÆö*/
00056c 6700 000E       290 		beq PUTSTRING_MASK
                       291 		/*rv : Â§±Êïó„Å™„Çâ„Å∞„Éû„Çπ„ÇØ„Å∏ÁßªÂãï„Åô„Çã*/
                       292 
000570 5284            293 		addq.l #0x01,%d4		/*sz++*/
000572 23C4 0000       294 		move.l %d4, (0x9900)
       9900            294 
000578 6000 FFE0       295 		bra LOOP_STEP5
                       296 
                       297 PUTSTRING_MASK:
00057c 13FC 0037       298 		move.b #'7', LED1
       00D0 003B       298 
                       299 
000584 33FC E10C       300 		move.w #0xe10c, USTCNT1	/*ÈÄÅ‰ø°Ââ≤„ÇäËæº„ÅøË®±ÂèØ*/
       00FF F900       300 
00058c 6000 0002       301 		bra PUTSTRING_END
                       302 
                       303 PUTSTRING_END:
000590 2004            304 		move.l %d4,%d0		/*Êàª„ÇäÂÄ§d0„Å´ÂÆüÈöõ„Å´ÈÄÅ‰ø°„Åó„Åü„Éá„Éº„ÇøÊï∞„ÇíÊ†ºÁ¥ç*/
                       305 
000592 4CDF 7F7E       306 		movem.l (%SP)+, %a0-%a6/%d1-%d6
                       307 
                       308 		*rte 			/*?*/
                       309 		/* bus errorÂá∫„Åü„ÅÆ„ÅßÂ§âÊõ¥„Åó„Åü*/
                       310 
                       311 		***
                       312 		*move.b #'4', LED4
                       313 		***
000596 4E75            314 		rts
                       315 
                       316 
                       317 .section .data
                       318 ******************************
                       319 ** „Ç≠„É•„ÉºÁî®„ÅÆ„É°„É¢„É™È†òÂüüÁ¢∫‰øù ‚Üì‚Üì
                       320 ******************************
                       321 .equ B_SIZE, 256
                       322 .equ ALL_B_SIZE, B_SIZE + B_SIZE |Âèó‰ø°„Å®ÈÄÅ‰ø°„ÅßÔºëÊú¨„Åö„Å§|
                       323 
00083c 0000 0000       324 top: .ds.b ALL_B_SIZE-1 |„Ç≠„É•„Éº„ÅÆ„Éá„Éº„ÇøÈ†òÂüü|
       0000 0000       324 
       0000 0000       324 
       0000 0000       324 
       0000 0000       324 
000a3b 00              325 bottom: .ds.b 1
000a3c 0000 0000       326 in: .ds.l 2 |„Ç≠„É•„Éº„ÅÆÂêÑÁ®Æ„Éù„Ç§„É≥„Çø‚Üì|
       0000 0000       326 
000a44 0000 0000       327 out: .ds.l 2
       0000 0000       327 
000a4c 0000            328 PUT_FLG: .ds.b 2
000a4e 0000            329 GET_FLG: .ds.b 2
000a50 0000 0000       330 s: .ds.l 2
       0000 0000       330 
                       331 
000a58 0000 0000       332 top_ptr: .ds.l 1 |ÂÆüË°åÊôÇÁî®‰∏ÄÊôÇ‰øùÂ≠òÈ†òÂüü‚Üì|
000a5c 0000 0000       333 bottom_ptr: .ds.l 1
000a60 0000 0000       334 in_ptr: .ds.l 1
000a64 0000 0000       335 out_ptr: .ds.l 1
000a68 00              336 PUT_FLG_ptr: .ds.b 1
000a69 00              337 GET_FLG_ptr: .ds.b 1
000a6a 0000 0000       338 s_ptr: .ds.l 1
                       339 
                       340 .even
                       341 ******************************
                       342 ** „Ç≠„É•„ÉºÁî®„ÅÆ„É°„É¢„É™È†òÂüüÁ¢∫‰øù ‚Üë‚Üë
                       343 ******************************
                       344 
                       345 
                       346 .section .text
                       347 **********************  
                       348 
                       349 ** „Ç≠„É•„Éº„ÅÆÂàùÊúüÂåñÂá¶ÁêÜ‚Üì‚Üì  
                       350 
                       351 **********************  
                       352 
                       353 Init_Q: 
                       354 
000598 48E7 80F8       355  	movem.l	%d0/%a0-%a4, -(%sp) 
                       356 
                       357   
                       358 
00059c 7002            359 	move.l	#2, %d0			/*#4 -> #2*/ 
                       360 
                       361   
                       362 
00059e 41F9 0000       363 	lea.l 	top, %a0 
       0000            363 
                       364 
0005a4 43F9 0000       365  	lea.l	in, %a1 
       0000            365 
                       366 
0005aa 45F9 0000       367  	lea.l	out, %a2 
       0000            367 
                       368 
0005b0 47F9 0000       369  	lea.l	PUT_FLG, %a3 
       0000            369 
                       370 
0005b6 49F9 0000       371  	lea.l	GET_FLG, %a4 
       0000            371 
                       372 
                       373   
                       374 
                       375 Loop_Init:	 
                       376 
0005bc 22C8            377  	move.l 	%a0, (%a1)+ 
                       378 
0005be 24C8            379  	move.l 	%a0, (%a2)+ 
                       380 
0005c0 16FC 0001       381  	move.b 	#0x01, (%a3)+ 
                       382 
0005c4 18FC 0000       383  	move.b 	#0x00, (%a4)+ 
                       384 
                       385   
                       386 
0005c8 D1FC 0000       387 	adda.l	#B_SIZE, %a0 
       0100            387 
                       388 
                       389   
                       390 
0005ce 5380            391 	subq.l	#1, %d0 
                       392 
0005d0 6200 FFEA       393  	bhi	Loop_Init 
                       394 
                       395   
                       396 
0005d4 4CDF 1F01       397 	movem.l	(%sp)+, %d0/%a0-%a4 
                       398 
0005d8 4E75            399  	rts 
                       400 
                       401  **********************  
                       402 
                       403 ** „Ç≠„É•„Éº„ÅÆÂàùÊúüÂåñÂá¶ÁêÜ ‚Üë‚Üë 
                       404 
                       405  **********************  
                       406 
                       407  
                       408 
                       409  
                       410 
                       411 ***********************************  
                       412 
                       413 ** INQ „Ç≠„É•„Éº„Å∏„ÅÆ„Éá„Éº„ÇøÊõ∏„ÅçËæº„Åø‚Üì‚Üì 
                       414 
                       415  ** a0: Êõ∏„ÅçËæº„ÇÄ„Éá„Éº„Çø„ÅÆ„Ç¢„Éâ„É¨„Çπ  
                       416 
                       417 ** (ÂÖ•Âäõ)d0: Êõ∏„ÅçËæº„ÇÄ„Ç≠„É•„Éº„ÅÆÁï™Âè∑0~1		 
                       418 
                       419  ** (Âá∫Âäõ)d0: ÁµêÊûú(00:Â§±Êïó, 01:ÊàêÂäü)  
                       420 
                       421 *********************************** 
                       422 
                       423  INQ: 
                       424 
0005da 48E7 7EFE       425  	movem.l	%d1-%d6/%a0-%a6, -(%sp)		/*ÁèæËµ∞Ë°å„É¨„Éô„É´„ÅÆÈÄÄÈÅø*/ 
                       426 
0005de 40E7            427  	move.w	%SR, -(%sp) 
                       428 
0005e0 46FC 2700       429  	move.w	#0x2700, %SR			/*Ââ≤„ÇäËæº„ÅøÁ¶ÅÊ≠¢*/ 
                       430 
                       431  		 
                       432 
0005e4 2600            433 	move.l	%d0, %d3		/*„Ç≠„É•„ÉºÁï™Âè∑„ÅÆ‰øùÂ≠ò*/ 
                       434 
                       435   
                       436 
0005e6 49F9 0000       437 	lea.l	PUT_FLG, %a4 
       0000            437 
                       438 
0005ec D9C0            439  	add.l	%d0, %a4 
                       440 
0005ee 13D4 0000       441  	move.b	(%a4), PUT_FLG_ptr 
       0000            441 
                       442 
                       443   
                       444 
0005f4 49F9 0000       445 	lea.l	GET_FLG, %a4 
       0000            445 
                       446 
0005fa D9C0            447  	add.l	%d0, %a4 
                       448 
0005fc 13D4 0000       449  	move.b	(%a4), GET_FLG_ptr 
       0000            449 
                       450 
                       451   
                       452 
000602 C0FC 0004       453 	mulu	#4, %d0			 
                       454 
000606 49F9 0000       455  	lea.l	in, %a4 
       0000            455 
                       456 
00060c D9C0            457  	add.l	%d0, %a4 
                       458 
00060e 23D4 0000       459  	move.l	(%a4), in_ptr 
       0000            459 
                       460 
                       461   
                       462 
000614 49F9 0000       463 	lea.l	out, %a4 
       0000            463 
                       464 
00061a D9C0            465  	add.l	%d0, %a4 
                       466 
00061c 23D4 0000       467  	move.l	(%a4), out_ptr 
       0000            467 
                       468 
                       469   
                       470 
000622 C0FC 0040       471 	mulu	#64, %d0 
                       472 
000626 49F9 0000       473  	lea.l 	top, %a4 
       0000            473 
                       474 
00062c D9C0            475  	add.l	%d0, %a4 
                       476 
00062e 23CC 0000       477  	move.l	%a4, top_ptr 
       0000            477 
                       478 
                       479   
                       480 
000634 243C 0000       481 	move.l	#256, %d2		/*#768 -> #256*/ 
       0100            481 
                       482 
00063a 9480            483  	sub.l	%d0, %d2 
                       484 
00063c 7000            485  	move.l	#0, %d0			/*d0ÂàùÊúüÂåñ*/	 
                       486 
00063e 49F9 0000       487  	lea.l	bottom, %a4 
       0000            487 
                       488 
000644 99C2            489  	sub.l	%d2, %a4 
                       490 
000646 23CC 0000       491  	move.l	%a4, bottom_ptr 
       0000            491 
                       492 
                       493   
                       494 
00064c 4EBA 0046       495 	jsr 	PUT_BUF 	/* „Ç≠„É•„Éº„Å∏„ÅÆÊõ∏„ÅçËæº„Åø */ 
                       496 
                       497   
                       498 
000650 49F9 0000       499 	lea.l	PUT_FLG, %a4 
       0000            499 
                       500 
000656 D9C3            501  	add.l	%d3, %a4	 
                       502 
000658 18B9 0000       503  	move.b 	PUT_FLG_ptr,(%a4)	 
       0000            503 
                       504 
                       505   
                       506 
00065e 49F9 0000       507 	lea.l	GET_FLG, %a4 
       0000            507 
                       508 
000664 D9C3            509  	add.l	%d3, %a4	 
                       510 
000666 18B9 0000       511  	move.b 	GET_FLG_ptr,(%a4)	 
       0000            511 
                       512 
                       513   
                       514 
                       515  
                       516 
00066c C6FC 0004       517 	mulu	#4, %d3 
                       518 
000670 49F9 0000       519  	lea.l 	in, %a4 
       0000            519 
                       520 
000676 D9C3            521  	add.l	%d3, %a4 
                       522 
000678 28B9 0000       523  	move.l	in_ptr, (%a4) 
       0000            523 
                       524 
                       525   
                       526 
00067e 49F9 0000       527 	lea.l	out, %a4 
       0000            527 
                       528 
000684 D9C3            529  	add.l	%d3, %a4 
                       530 
000686 28B9 0000       531  	move.l	out_ptr, (%a4) 
       0000            531 
                       532 
                       533   
                       534 
00068c 46DF            535 	move.w	(%sp)+, %SR 
                       536 
00068e 4CDF 7F7E       537  	movem.l	(%sp)+, %d1-%d6/%a0-%a6		/*ÊóßËµ∞Ë°å„É¨„Éô„É´„ÅÆÂõûÂæ©*/ 
                       538 
000692 4E75            539  	rts 
                       540 
                       541  ***********************************  
                       542 
                       543 ** INQ „Ç≠„É•„Éº„Å∏„ÅÆ„Éá„Éº„ÇøÊõ∏„ÅçËæº„Åø‚Üë‚Üë 
                       544 
                       545  *********************************** 
                       546 
                       547   
                       548 
                       549  
                       550 
                       551 ****************************************  
                       552 
                       553 ** PUT_BUF‚Üì‚Üì 
                       554 
                       555  ** a0: Êõ∏„ÅçËæº„ÇÄ„Éá„Éº„Çø„ÅÆ„Ç¢„Éâ„É¨„Çπ 
                       556 
                       557  ** d0: ÁµêÊûú(00:Â§±Êïó, 00‰ª•Â§ñ:ÊàêÂäü)  
                       558 
                       559 ** d1: Êõ∏„ÅçËæº„ÇÄ8bit„Éá„Éº„Çø 
                       560 
                       561  ****************************************  
                       562 
                       563 PUT_BUF: 
                       564 
000694 48E7 0070       565  	movem.l	%a1-%a3, -(%sp) 
                       566 
000698 1039 0000       567  	move.b	PUT_FLG_ptr, %d0 
       0000            567 
                       568 
                       569   
                       570 
00069e 0C00 0000       571 	cmp.b	#0x00, %d0		/* PUT‰∏çÂèØËÉΩ(Â§±Êïó) */ 
                       572 
0006a2 6700 0048       573  	beq	PUT_BUF_Finish 
                       574 
                       575   
                       576 
0006a6 2279 0000       577 	movea.l	in_ptr, %a1		/* „Ç≠„É•„Éº„Å´„Éá„Éº„Çø„ÇíÊåøÂÖ• */ 
       0000            577 
                       578 
0006ac 12C1            579  	move.b	%d1, (%a1)+ 
                       580 
                       581   
                       582 
0006ae 06B9 0000       583 	addi.l	#1, s			/* „Ç≠„É•„ÉºÂÜÖ„ÅÆ„Éá„Éº„ÇøÊï∞:+1 */ 
       0001 0000       583 
       0000            583 
                       584 
                       585   
                       586 
0006b8 2679 0000       587 	move.l	bottom_ptr, %a3		/* a3„ÅØ„Ç≠„É•„ÉºÊú´Â∞æ */ 
       0000            587 
                       588 
0006be B3CB            589  	cmpa.l	%a3, %a1		/* PUT„Éù„Ç§„É≥„Çø„ÅåÊú´Â∞æ„ÇíË∂Ö„Åà„Åü */ 
                       590 
0006c0 6300 000A       591  	bls	PUT_BUF_STEP1	 
                       592 
                       593   
                       594 
0006c4 2479 0000       595 	move.l	top_ptr, %a2	/* PUT„Éù„Ç§„É≥„Çø„ÇíÂÖàÈ†≠„Å´Êàª„Åô */ 
       0000            595 
                       596 
0006ca 224A            597  	movea.l	%a2, %a1 
                       598 
                       599   
                       600 
                       601 PUT_BUF_STEP1: 
                       602 
0006cc 23C9 0000       603  	move.l	%a1, in_ptr 
       0000            603 
                       604 
                       605   
                       606 
0006d2 B3F9 0000       607 	cmpa.l	out_ptr, %a1	/* PUT„Éù„Ç§„É≥„Çø„ÅåGET„Éù„Ç§„É≥„Çø„Å´ËøΩ„ÅÑ„Å§„ÅÑ„Åü */ 
       0000            607 
                       608 
0006d8 6600 000A       609  	bne	PUT_BUF_STEP2 
                       610 
                       611   
                       612 
0006dc 13FC 0000       613 	move.b	#0x00, PUT_FLG_ptr	/* Ê∫Ä„Çø„É≥„Å™„ÅÆ„ÅßPUT‰∏çÂèØËÉΩ(„Éï„É©„Ç∞) */ 
       0000 0000       613 
                       614 
                       615   
                       616 
                       617 PUT_BUF_STEP2: 
                       618 
0006e4 13FC 0001       619  	move.b	#0x01, GET_FLG_ptr 
       0000 0000       619 
                       620 
                       621   
                       622 
                       623 PUT_BUF_Finish: 
                       624 
0006ec 4CDF 0E00       625  	movem.l	(%sp)+, %a1-%a3 
                       626 
0006f0 4E75            627  	rts 
                       628 
                       629  ****************************************  
                       630 
                       631 ** PUT_BUF‚Üë‚Üë 
                       632 
                       633  **************************************** 
                       634 
                       635  
                       636 
                       637  
                       638 
                       639 ***********************************  
                       640 
                       641 ** OUTQ „Ç≠„É•„Éº„Åã„Çâ„ÅÆË™≠„ÅøÂá∫„Åó‚Üì‚Üì 
                       642 
                       643  ** a2: Ë™≠„ÅøÂá∫„ÅóÂÖà„Ç¢„Éâ„É¨„Çπ 
                       644 
                       645  ** d0(ÂÖ•Âäõ):„Ç≠„É•„ÉºÁï™Âè∑ 
                       646 
                       647  ** d0(Âá∫Âäõ): ÁµêÊûú(00:Â§±Êïó, 01:ÊàêÂäü)  
                       648 
                       649 ** d1: Âèñ„ÇäÂá∫„Åó„Åü8bit„Éá„Éº„Çø 
                       650 
                       651  *********************************** 
                       652 
                       653  OUTQ: 
                       654 
0006f2 48E7 3EFE       655  	movem.l	%d2-%d6/%a0-%a6, -(%sp) 
                       656 
0006f6 40E7            657  	move.w	%SR, -(%sp)		/*ÁèæËµ∞Ë°å„É¨„Éô„É´„ÅÆÈÄÄÈÅø*/ 
                       658 
0006f8 46FC 2700       659  	move.w	#0x2700, %SR			/*Ââ≤„ÇäËæº„ÅøÁ¶ÅÊ≠¢*/ 
                       660 
                       661   
                       662 
0006fc 2600            663 	move.l	%d0, %d3		/*„Ç≠„É•„ÉºÁï™Âè∑„ÅÆ‰øùÂ≠ò*/ 
                       664 
                       665   
                       666 
0006fe 49F9 0000       667 	lea.l	PUT_FLG, %a4 
       0000            667 
                       668 
000704 D9C0            669  	add.l	%d0, %a4 
                       670 
000706 13D4 0000       671  	move.b	(%a4), PUT_FLG_ptr 
       0000            671 
                       672 
                       673   
                       674 
00070c 49F9 0000       675 	lea.l	GET_FLG, %a4 
       0000            675 
                       676 
000712 D9C0            677  	add.l	%d0, %a4 
                       678 
000714 13D4 0000       679  	move.b	(%a4), GET_FLG_ptr 
       0000            679 
                       680 
                       681   
                       682 
00071a C0FC 0004       683 	mulu	#4, %d0			 
                       684 
00071e 49F9 0000       685  	lea.l	in, %a4 
       0000            685 
                       686 
000724 D9C0            687  	add.l	%d0, %a4 
                       688 
000726 23D4 0000       689  	move.l	(%a4), in_ptr 
       0000            689 
                       690 
                       691   
                       692 
00072c 49F9 0000       693 	lea.l	out, %a4 
       0000            693 
                       694 
000732 D9C0            695  	add.l	%d0, %a4 
                       696 
000734 23D4 0000       697  	move.l	(%a4), out_ptr 
       0000            697 
                       698 
                       699   
                       700 
00073a C0FC 0040       701 	mulu	#64, %d0 
                       702 
00073e 49F9 0000       703  	lea.l 	top, %a4 
       0000            703 
                       704 
000744 D9C0            705  	add.l	%d0, %a4 
                       706 
000746 23CC 0000       707  	move.l	%a4, top_ptr 
       0000            707 
                       708 
                       709   
                       710 
00074c 243C 0000       711 	move.l	#256, %d2		/*#768 -> #256*/ 
       0100            711 
                       712 
000752 9480            713  	sub.l	%d0, %d2 
                       714 
000754 7000            715  	move.l	#0, %d0			/*d0ÂàùÊúüÂåñ*/	 
                       716 
000756 49F9 0000       717  	lea.l	bottom, %a4 
       0000            717 
                       718 
00075c 99C2            719  	sub.l	%d2, %a4 
                       720 
00075e 23CC 0000       721  	move.l	%a4, bottom_ptr 
       0000            721 
                       722 
                       723   
                       724 
000764 4EBA 0046       725 	jsr 	GET_BUF 	/* „Ç≠„É•„Éº„Åã„Çâ„ÅÆË™≠„ÅøÂá∫„Åó */ 
                       726 
                       727   
                       728 
000768 49F9 0000       729 	lea.l	PUT_FLG, %a4 
       0000            729 
                       730 
00076e D9C3            731  	add.l	%d3, %a4	 
                       732 
000770 18B9 0000       733  	move.b 	PUT_FLG_ptr,(%a4)	 
       0000            733 
                       734 
                       735   
                       736 
000776 49F9 0000       737 	lea.l	GET_FLG, %a4 
       0000            737 
                       738 
00077c D9C3            739  	add.l	%d3, %a4	 
                       740 
00077e 18B9 0000       741  	move.b 	GET_FLG_ptr,(%a4)	 
       0000            741 
                       742 
                       743   
                       744 
                       745  
                       746 
000784 C6FC 0004       747 	mulu	#4, %d3 
                       748 
000788 49F9 0000       749  	lea.l 	in, %a4 
       0000            749 
                       750 
00078e D9C3            751  	add.l	%d3, %a4 
                       752 
000790 28B9 0000       753  	move.l	in_ptr, (%a4) 
       0000            753 
                       754 
                       755   
                       756 
000796 49F9 0000       757 	lea.l	out, %a4 
       0000            757 
                       758 
00079c D9C3            759  	add.l	%d3, %a4 
                       760 
00079e 28B9 0000       761  	move.l	out_ptr, (%a4) 
       0000            761 
                       762 
                       763   
                       764 
                       765  
                       766 
0007a4 46DF            767 	move.w	(%sp)+, %SR		/*ÊóßËµ∞Ë°åÁä∂ÊÖã„ÅÆÂõûÂæ©*/ 
                       768 
0007a6 4CDF 7F7C       769  	movem.l	(%sp)+, %d2-%d6/%a0-%a6 
                       770 
0007aa 4E75            771  	rts 
                       772 
                       773  ***********************************  
                       774 
                       775 ** OUTQ „Ç≠„É•„Éº„Åã„Çâ„ÅÆË™≠„ÅøÂá∫„Åó‚Üë‚Üë 
                       776 
                       777  *********************************** 
                       778 
                       779   
                       780 
                       781  
                       782 
                       783 ****************************************  
                       784 
                       785 ** GET_BUF‚Üì‚Üì 
                       786 
                       787  ** a2: Ë™≠„ÅøÂá∫„ÅóÂÖà„Ç¢„Éâ„É¨„Çπ 
                       788 
                       789  ** d0: ÁµêÊûú(00:Â§±Êïó, 00‰ª•Â§ñ:ÊàêÂäü)  
                       790 
                       791 ** d1: Âèñ„ÇäÂá∫„Åó„Åü8bit„Éá„Éº„Çø 
                       792 
                       793  ****************************************  
                       794 
                       795 GET_BUF: 
                       796 
0007ac 48E7 0058       797  	movem.l	%a1/%a3-%a4, -(%sp) 
                       798 
0007b0 1039 0000       799  	move.b	GET_FLG_ptr, %d0 
       0000            799 
                       800 
                       801   
                       802 
0007b6 0C00 0000       803 	cmp.b	#0x00, %d0	/* GET‰∏çÂèØËÉΩ(Â§±Êïó) */ 
                       804 
0007ba 6700 0048       805  	beq	GET_BUF_Finish 
                       806 
                       807   
                       808 
0007be 2279 0000       809 	movea.l	out_ptr, %a1	/* „Ç≠„É•„Éº„Åã„Çâ„Éá„Éº„Çø„ÇíË™≠„ÅøÂá∫„Åô */ 
       0000            809 
                       810 
0007c4 1219            811  	move.b	(%a1)+, %d1	/* Âèñ„ÇäÂá∫„Åó„Åü„Éá„Éº„Çø */ 
                       812 
                       813   
                       814 
                       815  
                       816 
0007c6 04B9 0000       817 	subi.l	#1, s		/* „Ç≠„É•„ÉºÂÜÖ„ÅÆ„Éá„Éº„ÇøÊï∞:-1 */ 
       0001 0000       817 
       0000            817 
                       818 
                       819   
                       820 
0007d0 2679 0000       821 	move.l	bottom_ptr, %a3	/* a3„ÅØ„Ç≠„É•„ÉºÊú´Â∞æ */ 
       0000            821 
                       822 
0007d6 B3CB            823  	cmpa.l	%a3, %a1	/* GET„Éù„Ç§„É≥„Çø„ÅåÊú´Â∞æ„ÇíË∂Ö„Åà„Åü */ 
                       824 
0007d8 6300 000A       825  	bls	GET_BUF_STEP1	 
                       826 
                       827   
                       828 
0007dc 2879 0000       829 	move.l	top_ptr, %a4	/* GET„Éù„Ç§„É≥„Çø„ÇíÂÖàÈ†≠„Å´Êàª„Åô */ 
       0000            829 
                       830 
0007e2 224C            831  	movea.l	%a4, %a1 
                       832 
                       833   
                       834 
                       835 GET_BUF_STEP1: 
                       836 
0007e4 23C9 0000       837  	move.l	%a1, out_ptr 
       0000            837 
                       838 
                       839   
                       840 
0007ea B3F9 0000       841 	cmpa.l	in_ptr, %a1	/* GET„Éù„Ç§„É≥„Çø„ÅåPUT„Éù„Ç§„É≥„Çø„Å´ËøΩ„ÅÑ„Å§„ÅÑ„Åü */ 
       0000            841 
                       842 
0007f0 6600 000A       843  	bne	GET_BUF_STEP2 
                       844 
                       845   
                       846 
0007f4 13FC 0000       847 	move.b	#0x00, GET_FLG_ptr	/* „Éá„Éº„Çø„Åå„Å™„ÅÑ„ÅÆ„ÅßGET‰∏çÂèØËÉΩ(„Éï„É©„Ç∞) */ 
       0000 0000       847 
                       848 
                       849   
                       850 
                       851 GET_BUF_STEP2: 
                       852 
0007fc 13FC 0001       853  	move.b	#0x01, PUT_FLG_ptr 
       0000 0000       853 
                       854 
                       855   
                       856 
                       857 GET_BUF_Finish: 
                       858 
000804 4CDF 1A00       859  	movem.l	(%sp)+, %a1/%a3-%a4 
                       860 
000808 4E75            861  	rts 
                       862 
                       863  ****************************************  
                       864 
                       865 ** GET_BUF‚Üë‚Üë 
                       866 
                       867  **************************************** 
                       868 
                       869 
                       870 
                       871 
                       872 
                       873 
                       874 
                       875 
                       876 
                       877 
                       878 
                       879 
